<?xml version="1.0" encoding="UTF-8"?>
<!-- Generated by org.testng.reporters.JUnitXMLReporter -->
<testsuite ignored="8" hostname="DESKTOP-BBORN83" failures="0" tests="1" name="Default test" time="14.409" errors="0" timestamp="2020-04-08T21:36:34 CEST">
  <testcase classname="com.automationpractice.TestAutomation" name="screenshotElement" time="7.605"/>
  <testcase classname="com.automationpractice.TestAutomation" name="screenshot" time="0.0">
    <ignored/>
  </testcase> <!-- screenshot -->
  <testcase classname="com.automationpractice.TestAutomation" name="textTest" time="0.0">
    <ignored/>
  </testcase> <!-- textTest -->
  <testcase classname="com.automationpractice.TestAutomation" name="title" time="0.0">
    <ignored/>
  </testcase> <!-- title -->
  <testcase classname="com.automationpractice.TestAutomation" name="cartClick" time="0.0">
    <ignored/>
  </testcase> <!-- cartClick -->
  <testcase classname="com.automationpractice.TestAutomation" name="newTab" time="0.0">
    <ignored/>
  </testcase> <!-- newTab -->
  <testcase classname="com.automationpractice.TestAutomation" name="search" time="0.0">
    <ignored/>
  </testcase> <!-- search -->
  <testcase classname="com.automationpractice.TestAutomation" name="contactUs" time="0.0">
    <ignored/>
  </testcase> <!-- contactUs -->
  <testcase classname="com.automationpractice.TestAutomation" name="signIn" time="0.0">
    <ignored/>
  </testcase> <!-- signIn -->
</testsuite> <!-- Default test -->
